mode: set
github.com/OmarEl-Habashy/qagent/testdata/httpclient/http_client.go:12.42,15.16 3 1
github.com/OmarEl-Habashy/qagent/testdata/httpclient/http_client.go:15.16,17.3 1 1
github.com/OmarEl-Habashy/qagent/testdata/httpclient/http_client.go:18.2,20.38 2 1
github.com/OmarEl-Habashy/qagent/testdata/httpclient/http_client.go:20.38,22.3 1 1
github.com/OmarEl-Habashy/qagent/testdata/httpclient/http_client.go:24.2,25.16 2 1
github.com/OmarEl-Habashy/qagent/testdata/httpclient/http_client.go:25.16,27.3 1 0
github.com/OmarEl-Habashy/qagent/testdata/httpclient/http_client.go:28.2,28.26 1 1
