mode: set
github.com/OmarEl-Habashy/qagent/testdata/dp/fibonacci_mod.go:6.38,10.26 3 1
github.com/OmarEl-Habashy/qagent/testdata/dp/fibonacci_mod.go:10.26,11.13 1 1
github.com/OmarEl-Habashy/qagent/testdata/dp/fibonacci_mod.go:11.13,12.14 1 1
github.com/OmarEl-Habashy/qagent/testdata/dp/fibonacci_mod.go:12.14,14.5 1 1
github.com/OmarEl-Habashy/qagent/testdata/dp/fibonacci_mod.go:15.4,15.12 1 1
github.com/OmarEl-Habashy/qagent/testdata/dp/fibonacci_mod.go:18.3,18.37 1 1
github.com/OmarEl-Habashy/qagent/testdata/dp/fibonacci_mod.go:18.37,20.4 1 1
github.com/OmarEl-Habashy/qagent/testdata/dp/fibonacci_mod.go:22.3,26.15 4 1
github.com/OmarEl-Habashy/qagent/testdata/dp/fibonacci_mod.go:26.15,28.4 1 1
github.com/OmarEl-Habashy/qagent/testdata/dp/fibonacci_mod.go:28.9,30.4 1 1
github.com/OmarEl-Habashy/qagent/testdata/dp/fibonacci_mod.go:33.3,35.16 3 1
github.com/OmarEl-Habashy/qagent/testdata/dp/fibonacci_mod.go:38.2,38.13 1 1
github.com/OmarEl-Habashy/qagent/testdata/dp/fibonacci_mod.go:42.47,43.12 1 1
github.com/OmarEl-Habashy/qagent/testdata/dp/fibonacci_mod.go:43.12,44.13 1 1
github.com/OmarEl-Habashy/qagent/testdata/dp/fibonacci_mod.go:44.13,46.4 1 1
github.com/OmarEl-Habashy/qagent/testdata/dp/fibonacci_mod.go:47.3,47.11 1 1
github.com/OmarEl-Habashy/qagent/testdata/dp/fibonacci_mod.go:50.2,51.32 2 1
github.com/OmarEl-Habashy/qagent/testdata/dp/fibonacci_mod.go:54.58,55.12 1 1
github.com/OmarEl-Habashy/qagent/testdata/dp/fibonacci_mod.go:55.12,56.13 1 1
github.com/OmarEl-Habashy/qagent/testdata/dp/fibonacci_mod.go:56.13,58.4 1 1
github.com/OmarEl-Habashy/qagent/testdata/dp/fibonacci_mod.go:59.3,59.11 1 1
github.com/OmarEl-Habashy/qagent/testdata/dp/fibonacci_mod.go:62.2,62.36 1 1
github.com/OmarEl-Habashy/qagent/testdata/dp/fibonacci_mod.go:62.36,64.3 1 1
github.com/OmarEl-Habashy/qagent/testdata/dp/fibonacci_mod.go:66.2,70.14 4 1
github.com/OmarEl-Habashy/qagent/testdata/dp/fibonacci_mod.go:70.14,72.3 1 1
github.com/OmarEl-Habashy/qagent/testdata/dp/fibonacci_mod.go:72.8,74.3 1 1
github.com/OmarEl-Habashy/qagent/testdata/dp/fibonacci_mod.go:76.2,78.15 3 1
github.com/OmarEl-Habashy/qagent/testdata/dp/fibonacci_mod.go:82.47,86.32 3 1
github.com/OmarEl-Habashy/qagent/testdata/dp/fibonacci_mod.go:86.32,88.3 1 1
github.com/OmarEl-Habashy/qagent/testdata/dp/fibonacci_mod.go:90.2,90.16 1 1
