mode: set
github.com/OmarEl-Habashy/qagent/testdata/parser/string_parser.go:9.50,10.16 1 1
github.com/OmarEl-Habashy/qagent/testdata/parser/string_parser.go:10.16,12.3 1 1
github.com/OmarEl-Habashy/qagent/testdata/parser/string_parser.go:14.2,15.22 2 1
github.com/OmarEl-Habashy/qagent/testdata/parser/string_parser.go:15.22,17.3 1 0
github.com/OmarEl-Habashy/qagent/testdata/parser/string_parser.go:20.2,20.31 1 1
github.com/OmarEl-Habashy/qagent/testdata/parser/string_parser.go:20.31,22.3 1 1
github.com/OmarEl-Habashy/qagent/testdata/parser/string_parser.go:24.2,24.20 1 1
github.com/OmarEl-Habashy/qagent/testdata/parser/string_parser.go:28.66,29.17 1 1
github.com/OmarEl-Habashy/qagent/testdata/parser/string_parser.go:29.17,31.3 1 1
github.com/OmarEl-Habashy/qagent/testdata/parser/string_parser.go:33.2,36.29 3 1
github.com/OmarEl-Habashy/qagent/testdata/parser/string_parser.go:36.29,38.17 2 1
github.com/OmarEl-Habashy/qagent/testdata/parser/string_parser.go:38.17,39.12 1 0
github.com/OmarEl-Habashy/qagent/testdata/parser/string_parser.go:42.3,43.22 2 1
github.com/OmarEl-Habashy/qagent/testdata/parser/string_parser.go:43.22,45.4 1 1
github.com/OmarEl-Habashy/qagent/testdata/parser/string_parser.go:47.3,50.16 3 1
github.com/OmarEl-Habashy/qagent/testdata/parser/string_parser.go:50.16,52.4 1 1
github.com/OmarEl-Habashy/qagent/testdata/parser/string_parser.go:54.3,54.21 1 1
github.com/OmarEl-Habashy/qagent/testdata/parser/string_parser.go:57.2,57.19 1 1
github.com/OmarEl-Habashy/qagent/testdata/parser/string_parser.go:61.51,62.16 1 1
github.com/OmarEl-Habashy/qagent/testdata/parser/string_parser.go:62.16,64.3 1 1
github.com/OmarEl-Habashy/qagent/testdata/parser/string_parser.go:66.2,67.21 2 1
github.com/OmarEl-Habashy/qagent/testdata/parser/string_parser.go:67.21,69.3 1 0
github.com/OmarEl-Habashy/qagent/testdata/parser/string_parser.go:72.2,72.29 1 1
github.com/OmarEl-Habashy/qagent/testdata/parser/string_parser.go:72.29,73.17 1 1
github.com/OmarEl-Habashy/qagent/testdata/parser/string_parser.go:73.17,75.4 1 1
github.com/OmarEl-Habashy/qagent/testdata/parser/string_parser.go:78.2,78.19 1 1
github.com/OmarEl-Habashy/qagent/testdata/parser/string_parser.go:82.56,83.20 1 1
github.com/OmarEl-Habashy/qagent/testdata/parser/string_parser.go:83.20,85.3 1 1
github.com/OmarEl-Habashy/qagent/testdata/parser/string_parser.go:87.2,87.21 1 1
github.com/OmarEl-Habashy/qagent/testdata/parser/string_parser.go:87.21,89.3 1 1
github.com/OmarEl-Habashy/qagent/testdata/parser/string_parser.go:92.2,92.34 1 1
github.com/OmarEl-Habashy/qagent/testdata/parser/string_parser.go:92.34,93.56 1 1
github.com/OmarEl-Habashy/qagent/testdata/parser/string_parser.go:93.56,95.4 1 1
github.com/OmarEl-Habashy/qagent/testdata/parser/string_parser.go:98.2,98.48 1 1
github.com/OmarEl-Habashy/qagent/testdata/parser/string_parser.go:102.66,103.17 1 1
github.com/OmarEl-Habashy/qagent/testdata/parser/string_parser.go:103.17,105.3 1 1
github.com/OmarEl-Habashy/qagent/testdata/parser/string_parser.go:107.2,107.21 1 1
github.com/OmarEl-Habashy/qagent/testdata/parser/string_parser.go:107.21,109.3 1 1
github.com/OmarEl-Habashy/qagent/testdata/parser/string_parser.go:111.2,112.21 2 1
github.com/OmarEl-Habashy/qagent/testdata/parser/string_parser.go:112.21,114.3 1 0
github.com/OmarEl-Habashy/qagent/testdata/parser/string_parser.go:116.2,116.19 1 1
