mode: set
github.com/OmarEl-Habashy/qagent/testdata/buggy/buggy_math.go:4.43,10.2 3 1
github.com/OmarEl-Habashy/qagent/testdata/buggy/buggy_math.go:13.36,17.2 2 1
github.com/OmarEl-Habashy/qagent/testdata/buggy/buggy_math.go:20.40,24.2 1 1
github.com/OmarEl-Habashy/qagent/testdata/buggy/buggy_math.go:27.37,28.20 1 1
github.com/OmarEl-Habashy/qagent/testdata/buggy/buggy_math.go:28.20,30.3 1 1
github.com/OmarEl-Habashy/qagent/testdata/buggy/buggy_math.go:32.2,33.33 2 1
github.com/OmarEl-Habashy/qagent/testdata/buggy/buggy_math.go:33.33,35.3 1 1
github.com/OmarEl-Habashy/qagent/testdata/buggy/buggy_math.go:38.2,40.15 2 1
github.com/OmarEl-Habashy/qagent/testdata/buggy/buggy_math.go:44.36,45.26 1 1
github.com/OmarEl-Habashy/qagent/testdata/buggy/buggy_math.go:45.26,47.3 1 0
github.com/OmarEl-Habashy/qagent/testdata/buggy/buggy_math.go:49.2,56.15 4 1
