mode: set
github.com/OmarEl-Habashy/qagent/testdata/calculator/complex_calc.go:20.63,21.12 1 1
github.com/OmarEl-Habashy/qagent/testdata/calculator/complex_calc.go:22.11,23.20 1 1
github.com/OmarEl-Habashy/qagent/testdata/calculator/complex_calc.go:24.16,25.20 1 1
github.com/OmarEl-Habashy/qagent/testdata/calculator/complex_calc.go:26.16,27.20 1 1
github.com/OmarEl-Habashy/qagent/testdata/calculator/complex_calc.go:28.14,29.13 1 1
github.com/OmarEl-Habashy/qagent/testdata/calculator/complex_calc.go:29.13,31.4 1 1
github.com/OmarEl-Habashy/qagent/testdata/calculator/complex_calc.go:32.3,32.20 1 1
github.com/OmarEl-Habashy/qagent/testdata/calculator/complex_calc.go:33.14,34.13 1 1
github.com/OmarEl-Habashy/qagent/testdata/calculator/complex_calc.go:34.13,36.4 1 1
github.com/OmarEl-Habashy/qagent/testdata/calculator/complex_calc.go:37.3,37.20 1 1
github.com/OmarEl-Habashy/qagent/testdata/calculator/complex_calc.go:38.13,39.12 1 1
github.com/OmarEl-Habashy/qagent/testdata/calculator/complex_calc.go:39.12,41.4 1 1
github.com/OmarEl-Habashy/qagent/testdata/calculator/complex_calc.go:42.3,42.26 1 1
github.com/OmarEl-Habashy/qagent/testdata/calculator/complex_calc.go:43.10,44.44 1 1
github.com/OmarEl-Habashy/qagent/testdata/calculator/complex_calc.go:49.31,50.14 1 1
github.com/OmarEl-Habashy/qagent/testdata/calculator/complex_calc.go:50.14,52.3 1 0
github.com/OmarEl-Habashy/qagent/testdata/calculator/complex_calc.go:54.2,55.14 2 1
github.com/OmarEl-Habashy/qagent/testdata/calculator/complex_calc.go:55.14,56.17 1 1
github.com/OmarEl-Habashy/qagent/testdata/calculator/complex_calc.go:56.17,58.4 1 1
github.com/OmarEl-Habashy/qagent/testdata/calculator/complex_calc.go:59.3,60.11 2 1
github.com/OmarEl-Habashy/qagent/testdata/calculator/complex_calc.go:62.2,62.15 1 1
github.com/OmarEl-Habashy/qagent/testdata/calculator/complex_calc.go:66.86,67.22 1 1
github.com/OmarEl-Habashy/qagent/testdata/calculator/complex_calc.go:67.22,69.3 1 1
github.com/OmarEl-Habashy/qagent/testdata/calculator/complex_calc.go:71.2,71.38 1 1
github.com/OmarEl-Habashy/qagent/testdata/calculator/complex_calc.go:71.38,73.3 1 1
github.com/OmarEl-Habashy/qagent/testdata/calculator/complex_calc.go:75.2,77.32 2 1
github.com/OmarEl-Habashy/qagent/testdata/calculator/complex_calc.go:77.32,79.17 2 1
github.com/OmarEl-Habashy/qagent/testdata/calculator/complex_calc.go:79.17,81.4 1 0
github.com/OmarEl-Habashy/qagent/testdata/calculator/complex_calc.go:82.3,82.21 1 1
github.com/OmarEl-Habashy/qagent/testdata/calculator/complex_calc.go:85.2,85.20 1 1
github.com/OmarEl-Habashy/qagent/testdata/calculator/complex_calc.go:89.76,91.22 1 1
github.com/OmarEl-Habashy/qagent/testdata/calculator/complex_calc.go:91.22,92.13 1 1
github.com/OmarEl-Habashy/qagent/testdata/calculator/complex_calc.go:93.22,94.17 1 1
github.com/OmarEl-Habashy/qagent/testdata/calculator/complex_calc.go:95.33,96.55 1 1
github.com/OmarEl-Habashy/qagent/testdata/calculator/complex_calc.go:101.2,101.20 1 1
github.com/OmarEl-Habashy/qagent/testdata/calculator/complex_calc.go:101.20,102.13 1 1
github.com/OmarEl-Habashy/qagent/testdata/calculator/complex_calc.go:103.15,104.14 1 1
github.com/OmarEl-Habashy/qagent/testdata/calculator/complex_calc.go:104.14,106.5 1 0
github.com/OmarEl-Habashy/qagent/testdata/calculator/complex_calc.go:107.4,107.21 1 1
github.com/OmarEl-Habashy/qagent/testdata/calculator/complex_calc.go:108.15,109.14 1 0
github.com/OmarEl-Habashy/qagent/testdata/calculator/complex_calc.go:109.14,111.5 1 0
github.com/OmarEl-Habashy/qagent/testdata/calculator/complex_calc.go:112.4,112.21 1 0
github.com/OmarEl-Habashy/qagent/testdata/calculator/complex_calc.go:113.14,114.50 1 1
github.com/OmarEl-Habashy/qagent/testdata/calculator/complex_calc.go:119.2,119.28 1 1
github.com/OmarEl-Habashy/qagent/testdata/calculator/complex_calc.go:123.86,125.16 2 1
github.com/OmarEl-Habashy/qagent/testdata/calculator/complex_calc.go:125.16,127.3 1 1
github.com/OmarEl-Habashy/qagent/testdata/calculator/complex_calc.go:129.2,129.24 1 1
github.com/OmarEl-Habashy/qagent/testdata/calculator/complex_calc.go:129.24,131.3 1 1
github.com/OmarEl-Habashy/qagent/testdata/calculator/complex_calc.go:133.2,133.25 1 1
github.com/OmarEl-Habashy/qagent/testdata/calculator/complex_calc.go:133.25,135.3 1 1
github.com/OmarEl-Habashy/qagent/testdata/calculator/complex_calc.go:137.2,137.20 1 1
